{"D:\\startFrontendDev\\app.js": {"path":"D:\\startFrontendDev\\app.js","statementMap":{"0":{"start":{"line":2,"column":28},"end":{"line":2,"column":79}},"1":{"start":{"line":2,"column":54},"end":{"line":2,"column":78}},"2":{"start":{"line":3,"column":2},"end":{"line":3,"column":59}},"3":{"start":{"line":3,"column":26},"end":{"line":3,"column":59}},"4":{"start":{"line":5,"column":19},"end":{"line":5,"column":67}},"5":{"start":{"line":5,"column":52},"end":{"line":5,"column":63}},"6":{"start":{"line":6,"column":2},"end":{"line":6,"column":37}},"7":{"start":{"line":10,"column":19},"end":{"line":10,"column":21}},"8":{"start":{"line":11,"column":18},"end":{"line":11,"column":27}},"9":{"start":{"line":13,"column":2},"end":{"line":19,"column":3}},"10":{"start":{"line":14,"column":4},"end":{"line":14,"column":37}},"11":{"start":{"line":15,"column":4},"end":{"line":15,"column":16}},"12":{"start":{"line":17,"column":4},"end":{"line":17,"column":39}},"13":{"start":{"line":18,"column":4},"end":{"line":18,"column":17}},"14":{"start":{"line":22,"column":0},"end":{"line":22,"column":53}}},"fnMap":{"0":{"name":"averageExams","decl":{"start":{"line":1,"column":9},"end":{"line":1,"column":21}},"loc":{"start":{"line":1,"column":33},"end":{"line":7,"column":1}},"line":1},"1":{"name":"(anonymous_1)","decl":{"start":{"line":2,"column":44},"end":{"line":2,"column":45}},"loc":{"start":{"line":2,"column":54},"end":{"line":2,"column":78}},"line":2},"2":{"name":"(anonymous_2)","decl":{"start":{"line":5,"column":36},"end":{"line":5,"column":37}},"loc":{"start":{"line":5,"column":52},"end":{"line":5,"column":63}},"line":5},"3":{"name":"isStudentPassExam","decl":{"start":{"line":9,"column":9},"end":{"line":9,"column":26}},"loc":{"start":{"line":9,"column":44},"end":{"line":20,"column":1}},"line":9}},"branchMap":{"0":{"loc":{"start":{"line":3,"column":2},"end":{"line":3,"column":59}},"type":"if","locations":[{"start":{"line":3,"column":2},"end":{"line":3,"column":59}},{"start":{},"end":{}}],"line":3},"1":{"loc":{"start":{"line":13,"column":2},"end":{"line":19,"column":3}},"type":"if","locations":[{"start":{"line":13,"column":2},"end":{"line":19,"column":3}},{"start":{"line":16,"column":9},"end":{"line":19,"column":3}}],"line":13}},"s":{"0":4,"1":14,"2":4,"3":1,"4":3,"5":12,"6":3,"7":2,"8":2,"9":2,"10":1,"11":1,"12":1,"13":1,"14":1},"f":{"0":4,"1":14,"2":12,"3":2},"b":{"0":[1,3],"1":[1,1]},"_coverageSchema":"1a1c01bbd47fc00a2c39e90264f33305004495a9","hash":"96eba1dc3dce8c3167b0d291e8eadebbd11391ff"}
}
